2022-02-11 16:17:06,435 - DEBUG - debug message
2022-02-11 16:17:06,436 - INFO - info message
2022-02-11 16:17:06,436 - WARNING - warning message
2022-02-11 16:17:06,436 - ERROR - error message
2022-02-11 16:17:06,436 - CRITICAL - critical message
2022-02-11 16:18:41,224 - DEBUG - debug message
2022-02-11 16:18:41,224 - INFO - info message
2022-02-11 16:18:41,224 - WARNING - warning message
2022-02-11 16:18:41,224 - ERROR - error message
2022-02-11 16:18:41,224 - CRITICAL - critical message
2022-02-11 16:19:33,064 - DEBUG - debug message
2022-02-11 16:19:33,064 - INFO - info message
2022-02-11 16:19:33,064 - WARNING - warning message
2022-02-11 16:19:33,064 - ERROR - error message
2022-02-11 16:19:33,064 - CRITICAL - critical message
2022-02-11 16:19:57,084 - DEBUG - debug message
2022-02-11 16:19:57,084 - INFO - info message
2022-02-11 16:19:57,084 - WARNING - warning message
2022-02-11 16:19:57,084 - ERROR - error message
2022-02-11 16:19:57,085 - CRITICAL - critical message
2022-02-11 16:20:15,535 - DEBUG - debug message
2022-02-11 16:20:15,536 - INFO - info message
2022-02-11 16:20:15,536 - WARNING - warning message
2022-02-11 16:20:15,536 - ERROR - error message
2022-02-11 16:20:15,536 - CRITICAL - critical message
2022-02-11 16:23:37,904 - DEBUG - debug message
2022-02-11 16:23:37,934 - INFO - info message
2022-02-11 16:23:37,934 - WARNING - warning message
2022-02-11 16:23:37,934 - ERROR - error message
2022-02-11 16:23:37,935 - CRITICAL - critical message
