2022-05-09 16:32:06,113 - DEBUG - debug message
2022-05-09 16:32:06,115 - INFO - info message
2022-05-09 16:32:06,115 - WARNING - warning message
2022-05-09 16:32:06,116 - ERROR - error message
2022-05-09 16:32:06,116 - CRITICAL - critical message
2022-05-09 16:33:25,337 - DEBUG - debug message
2022-05-09 16:33:25,337 - INFO - info message
2022-05-09 16:33:25,337 - WARNING - warning message
2022-05-09 16:33:25,337 - ERROR - error message
2022-05-09 16:33:25,337 - CRITICAL - critical message
2022-05-09 17:03:16,906 - DEBUG - debug message
2022-05-09 17:03:16,906 - INFO - info message
2022-05-09 17:03:16,906 - WARNING - warning message
2022-05-09 17:03:16,906 - ERROR - error message
2022-05-09 17:03:16,907 - CRITICAL - critical message
2022-05-09 17:34:13,564 - DEBUG - debug message
2022-05-09 17:34:13,564 - INFO - info message
2022-05-09 17:34:13,564 - WARNING - warning message
2022-05-09 17:34:13,564 - ERROR - error message
2022-05-09 17:34:13,565 - CRITICAL - critical message
2022-05-09 17:44:37,945 - DEBUG - debug message
2022-05-09 17:44:37,946 - INFO - info message
2022-05-09 17:44:37,946 - WARNING - warning message
2022-05-09 17:44:37,946 - ERROR - error message
2022-05-09 17:44:37,946 - CRITICAL - critical message
2022-05-09 17:52:01,872 - DEBUG - debug message
2022-05-09 17:52:01,873 - INFO - info message
2022-05-09 17:52:01,873 - WARNING - warning message
2022-05-09 17:52:01,873 - ERROR - error message
2022-05-09 17:52:01,873 - CRITICAL - critical message
2022-05-09 17:55:37,411 - DEBUG - debug message
2022-05-09 17:55:37,412 - INFO - info message
2022-05-09 17:55:37,412 - WARNING - warning message
2022-05-09 17:55:37,412 - ERROR - error message
2022-05-09 17:55:37,412 - CRITICAL - critical message
2022-05-09 18:02:10,199 - DEBUG - debug message
2022-05-09 18:02:10,199 - INFO - info message
2022-05-09 18:02:10,199 - WARNING - warning message
2022-05-09 18:02:10,199 - ERROR - error message
2022-05-09 18:02:10,200 - CRITICAL - critical message
2022-05-09 18:02:36,611 - DEBUG - debug message
2022-05-09 18:02:36,612 - INFO - info message
2022-05-09 18:02:36,612 - WARNING - warning message
2022-05-09 18:02:36,612 - ERROR - error message
2022-05-09 18:02:36,612 - CRITICAL - critical message
2022-05-09 18:03:15,664 - DEBUG - debug message
2022-05-09 18:03:15,664 - INFO - info message
2022-05-09 18:03:15,665 - WARNING - warning message
2022-05-09 18:03:15,665 - ERROR - error message
2022-05-09 18:03:15,665 - CRITICAL - critical message
